<?xml version="1.0" encoding="UTF-8"?>
<testng-results ignored="0" total="1" passed="1" failed="0" skipped="0">
  <reporter-output>
  </reporter-output>
  <suite started-at="2025-05-27T10:18:02 BST" name="Default suite" finished-at="2025-05-27T10:18:02 BST" duration-ms="159">
    <groups>
    </groups>
    <test started-at="2025-05-27T10:18:02 BST" name="Default test" finished-at="2025-05-27T10:18:02 BST" duration-ms="159">
      <class name="Automation.TestAutomation">
        <test-method signature="test()[pri:0, instance:Automation.TestAutomation@424ebba3]" started-at="2025-05-27T10:18:02 BST" name="test" finished-at="2025-05-27T10:18:02 BST" duration-ms="53" status="PASS">
          <reporter-output>
          </reporter-output>
        </test-method> <!-- test -->
      </class> <!-- Automation.TestAutomation -->
    </test> <!-- Default test -->
  </suite> <!-- Default suite -->
</testng-results>
