<?xml version="1.0" encoding="UTF-8"?>
<!-- Generated by org.testng.reporters.JUnitReportReporter -->
<testsuite hostname="Sathish" failures="0" tests="2" name="TestAppium.NewTest" time="28.025" errors="2" timestamp="2025-04-28T22:43:26 BST" skipped="0">
  <testcase classname="TestAppium.NewTest" name="afterTest" time="27.382">
    <error message="{&quot;value&quot;:{&quot;error&quot;:&quot;unknown method&quot;,&quot;message&quot;:&quot;Method is not implemented&quot;,&quot;stacktrace&quot;:&quot;NotImplementedError: Method is not implemented\n    at XCUITestDriver.closeWindow (/nix/store/ldv1j9q6kqy0x09b11xnvnq754mvs5x8-appium-1.21.0/node_modules/appium-xcuitest-driver/lib/commands/navigation.js:49:11)\n    at commandExecutor (/nix/store/ldv1j9q6kqy0x09b11xnvnq754mvs5x8-appium-1.21.0/node_modules/appium-base-driver/lib/basedriver/driver.js:335:9)\n    at /nix/store/ldv1j9q6kqy0x09b11xnvnq754mvs5x8-appium-1.21.0/node_modules/async-lock/lib/index.js:146:12\n    at AsyncLock._promiseTry (/nix/store/ldv1j9q6kqy0x09b11xnvnq754mvs5x8-appium-1.21.0/node_modules/async-lock/lib/index.js:280:31)\n    at exec (/nix/store/ldv1j9q6kqy0x09b11xnvnq754mvs5x8-appium-1.21.0/node_modules/async-lock/lib/index.js:145:9)\n    at AsyncLock.acquire (/nix/store/ldv1j9q6kqy0x09b11xnvnq754mvs5x8-appium-1.21.0/node_modules/async-lock/lib/index.js:162:3)\n    at XCUITestDriver.executeCommand (/nix/store/ldv1j9q6kqy0x09b11xnvnq754mvs5x8-appium-1.21.0/node_modules/appium-base-driver/lib/basedriver/driver.js:348:39)\n    at XCUITestDriver.executeCommand (/nix/store/ldv1j9q6kqy0x09b11xnvnq754mvs5x8-appium-1.21.0/node_modules/appium-xcuitest-driver/lib/driver.js:754:24)\n    at AppiumDriver.executeCommand (/nix/store/ldv1j9q6kqy0x09b11xnvnq754mvs5x8-appium-1.21.0/lib/appium.js:563:36)\n    at runMicrotasks (&lt;anonymous&gt;)\n    at processTicksAndRejections (internal/process/task_queues.js:95:5)\n    at asyncHandler (/nix/store/ldv1j9q6kqy0x09b11xnvnq754mvs5x8-appium-1.21.0/node_modules/appium-base-driver/lib/protocol/protocol.js:297:21)&quot;}}
Command duration or timeout: 206 milliseconds
Build info: version: &#039;4.1.2&#039;, revision: &#039;9a5a329c5a&#039;
System info: host: &#039;SATHISH&#039;, ip: &#039;192.168.1.182&#039;, os.name: &#039;Windows 11&#039;, os.arch: &#039;amd64&#039;, os.version: &#039;10.0&#039;, java.version: &#039;23.0.2&#039;
Driver info: io.appium.java_client.ios.IOSDriver
Command: [2967a5daa7a7fe44805fdd2915a73e17581528f4, close {}]
Capabilities {appium:Build: 1.1, appium:Project: appium mobile automation demo, appium:automationName: XCUITest, appium:bootstrapPath: /usr/local/.browserstack/co..., appium:browserstack.isTargetBased: true, appium:bundleID: com.browserstack.sample-ios, appium:bundleId: com.browserstack.Sample-iOS, appium:databaseEnabled: false, appium:deviceName: iphone 13, appium:deviceOrientation: PORTRAIT, appium:javascriptEnabled: true, appium:keychainPassword: [REDACTED VALUE], appium:keychainPath: [REDACTED VALUE], appium:locationContextEnabled: false, appium:name: browser stack ios demo, appium:networkConnectionEnabled: false, appium:newCommandTimeout: 0, appium:noReset: true, appium:orientation: PORTRAIT, appium:os_version: 16, appium:realMobile: true, appium:safariIgnoreFraudWarning: true, appium:safariInitialUrl: http://mobile-internet-chec..., appium:takesScreenshot: true, appium:udid: 00008110-000424D43C22801E, appium:useXctestrunFile: true, appium:waitForQuiescence: false, appium:wdaStartupRetries: 3, appium:webStorageEnabled: false, appium:webkitResponseTimeout: 20000, platformName: iOS}
Session ID: 2967a5daa7a7fe44805fdd2915a73e17581528f4" type="org.openqa.selenium.UnsupportedCommandException">
      <![CDATA[org.openqa.selenium.UnsupportedCommandException: {"value":{"error":"unknown method","message":"Method is not implemented","stacktrace":"NotImplementedError: Method is not implemented\n    at XCUITestDriver.closeWindow (/nix/store/ldv1j9q6kqy0x09b11xnvnq754mvs5x8-appium-1.21.0/node_modules/appium-xcuitest-driver/lib/commands/navigation.js:49:11)\n    at commandExecutor (/nix/store/ldv1j9q6kqy0x09b11xnvnq754mvs5x8-appium-1.21.0/node_modules/appium-base-driver/lib/basedriver/driver.js:335:9)\n    at /nix/store/ldv1j9q6kqy0x09b11xnvnq754mvs5x8-appium-1.21.0/node_modules/async-lock/lib/index.js:146:12\n    at AsyncLock._promiseTry (/nix/store/ldv1j9q6kqy0x09b11xnvnq754mvs5x8-appium-1.21.0/node_modules/async-lock/lib/index.js:280:31)\n    at exec (/nix/store/ldv1j9q6kqy0x09b11xnvnq754mvs5x8-appium-1.21.0/node_modules/async-lock/lib/index.js:145:9)\n    at AsyncLock.acquire (/nix/store/ldv1j9q6kqy0x09b11xnvnq754mvs5x8-appium-1.21.0/node_modules/async-lock/lib/index.js:162:3)\n    at XCUITestDriver.executeCommand (/nix/store/ldv1j9q6kqy0x09b11xnvnq754mvs5x8-appium-1.21.0/node_modules/appium-base-driver/lib/basedriver/driver.js:348:39)\n    at XCUITestDriver.executeCommand (/nix/store/ldv1j9q6kqy0x09b11xnvnq754mvs5x8-appium-1.21.0/node_modules/appium-xcuitest-driver/lib/driver.js:754:24)\n    at AppiumDriver.executeCommand (/nix/store/ldv1j9q6kqy0x09b11xnvnq754mvs5x8-appium-1.21.0/lib/appium.js:563:36)\n    at runMicrotasks (<anonymous>)\n    at processTicksAndRejections (internal/process/task_queues.js:95:5)\n    at asyncHandler (/nix/store/ldv1j9q6kqy0x09b11xnvnq754mvs5x8-appium-1.21.0/node_modules/appium-base-driver/lib/protocol/protocol.js:297:21)"}}
Command duration or timeout: 206 milliseconds
Build info: version: '4.1.2', revision: '9a5a329c5a'
System info: host: 'SATHISH', ip: '192.168.1.182', os.name: 'Windows 11', os.arch: 'amd64', os.version: '10.0', java.version: '23.0.2'
Driver info: io.appium.java_client.ios.IOSDriver
Command: [2967a5daa7a7fe44805fdd2915a73e17581528f4, close {}]
Capabilities {appium:Build: 1.1, appium:Project: appium mobile automation demo, appium:automationName: XCUITest, appium:bootstrapPath: /usr/local/.browserstack/co..., appium:browserstack.isTargetBased: true, appium:bundleID: com.browserstack.sample-ios, appium:bundleId: com.browserstack.Sample-iOS, appium:databaseEnabled: false, appium:deviceName: iphone 13, appium:deviceOrientation: PORTRAIT, appium:javascriptEnabled: true, appium:keychainPassword: [REDACTED VALUE], appium:keychainPath: [REDACTED VALUE], appium:locationContextEnabled: false, appium:name: browser stack ios demo, appium:networkConnectionEnabled: false, appium:newCommandTimeout: 0, appium:noReset: true, appium:orientation: PORTRAIT, appium:os_version: 16, appium:realMobile: true, appium:safariIgnoreFraudWarning: true, appium:safariInitialUrl: http://mobile-internet-chec..., appium:takesScreenshot: true, appium:udid: 00008110-000424D43C22801E, appium:useXctestrunFile: true, appium:waitForQuiescence: false, appium:wdaStartupRetries: 3, appium:webStorageEnabled: false, appium:webkitResponseTimeout: 20000, platformName: iOS}
Session ID: 2967a5daa7a7fe44805fdd2915a73e17581528f4
at java.base/jdk.internal.reflect.DirectConstructorHandleAccessor.newInstance(DirectConstructorHandleAccessor.java:62)
at java.base/java.lang.reflect.Constructor.newInstanceWithCaller(Constructor.java:501)
at java.base/java.lang.reflect.Constructor.newInstance(Constructor.java:485)
at org.openqa.selenium.remote.ErrorHandler.createThrowable(ErrorHandler.java:217)
at org.openqa.selenium.remote.ErrorHandler.throwIfResponseFailed(ErrorHandler.java:169)
at org.openqa.selenium.remote.RemoteWebDriver.execute(RemoteWebDriver.java:593)
at org.openqa.selenium.remote.RemoteWebDriver.execute(RemoteWebDriver.java:613)
at io.appium.java_client.AppiumDriver.execute(AppiumDriver.java:268)
at org.openqa.selenium.remote.RemoteWebDriver.close(RemoteWebDriver.java:443)
at TestAppium.NewTest.afterTest(NewTest.java:72)
at java.base/jdk.internal.reflect.DirectMethodHandleAccessor.invoke(DirectMethodHandleAccessor.java:103)
at java.base/java.lang.reflect.Method.invoke(Method.java:580)
at org.testng.internal.invokers.MethodInvocationHelper.invokeMethod(MethodInvocationHelper.java:141)
at org.testng.internal.invokers.MethodInvocationHelper.invokeMethodConsideringTimeout(MethodInvocationHelper.java:71)
at org.testng.internal.invokers.ConfigInvoker.invokeConfigurationMethod(ConfigInvoker.java:400)
at org.testng.internal.invokers.ConfigInvoker.invokeConfigurations(ConfigInvoker.java:333)
at org.testng.internal.invokers.TestInvoker.runConfigMethods(TestInvoker.java:836)
at org.testng.internal.invokers.TestInvoker.runAfterConfigurations(TestInvoker.java:805)
at org.testng.internal.invokers.TestInvoker.invokeMethod(TestInvoker.java:781)
at org.testng.internal.invokers.TestInvoker.invokeTestMethod(TestInvoker.java:230)
at org.testng.internal.invokers.MethodRunner.runInSequence(MethodRunner.java:63)
at org.testng.internal.invokers.TestInvoker$MethodInvocationAgent.invoke(TestInvoker.java:995)
at org.testng.internal.invokers.TestInvoker.invokeTestMethods(TestInvoker.java:203)
at org.testng.internal.invokers.TestMethodWorker.invokeTestMethods(TestMethodWorker.java:154)
at org.testng.internal.invokers.TestMethodWorker.run(TestMethodWorker.java:134)
at java.base/java.util.ArrayList.forEach(ArrayList.java:1597)
at org.testng.TestRunner.privateRun(TestRunner.java:741)
at org.testng.TestRunner.run(TestRunner.java:616)
at org.testng.SuiteRunner.runTest(SuiteRunner.java:421)
at org.testng.SuiteRunner.runSequentially(SuiteRunner.java:413)
at org.testng.SuiteRunner.privateRun(SuiteRunner.java:373)
at org.testng.SuiteRunner.run(SuiteRunner.java:312)
at org.testng.SuiteRunnerWorker.runSuite(SuiteRunnerWorker.java:52)
at org.testng.SuiteRunnerWorker.run(SuiteRunnerWorker.java:95)
at org.testng.TestNG.runSuitesSequentially(TestNG.java:1274)
at org.testng.TestNG.runSuitesLocally(TestNG.java:1208)
at org.testng.TestNG.runSuites(TestNG.java:1112)
at org.testng.TestNG.run(TestNG.java:1079)
at org.testng.remote.AbstractRemoteTestNG.run(AbstractRemoteTestNG.java:115)
at org.testng.remote.RemoteTestNG.initAndRun(RemoteTestNG.java:293)
at org.testng.remote.RemoteTestNG.main(RemoteTestNG.java:91)
]]>
    </error>
  </testcase> <!-- afterTest -->
  <testcase classname="TestAppium.NewTest" name="loginApp" time="0.643">
    <error message="An unknown server-side error occurred while processing the command. Original error: The attribute &#039;text&#039; is unknown. Valid attribute names are: (
    UID,
    accessibilityContainer,
    accessible,
    enabled,
    focused,
    frame,
    hittable,
    index,
    label,
    name,
    rect,
    selected,
    type,
    value,
    visible,
    wdAccessibilityContainer,
    wdAccessible,
    wdEnabled,
    wdFocused,
    wdFrame,
    wdHittable,
    wdIndex,
    wdLabel,
    wdName,
    wdRect,
    wdSelected,
    wdType,
    wdUID,
    wdValue,
    wdVisible
)
Build info: version: &#039;4.1.2&#039;, revision: &#039;9a5a329c5a&#039;
System info: host: &#039;SATHISH&#039;, ip: &#039;192.168.1.182&#039;, os.name: &#039;Windows 11&#039;, os.arch: &#039;amd64&#039;, os.version: &#039;10.0&#039;, java.version: &#039;23.0.2&#039;
Driver info: io.appium.java_client.ios.IOSDriver
Command: [2967a5daa7a7fe44805fdd2915a73e17581528f4, getElementAttribute {id=15000000-0000-0000-FE3B-000000000000, name=text}]
Capabilities {appium:Build: 1.1, appium:Project: appium mobile automation demo, appium:automationName: XCUITest, appium:bootstrapPath: /usr/local/.browserstack/co..., appium:browserstack.isTargetBased: true, appium:bundleID: com.browserstack.sample-ios, appium:bundleId: com.browserstack.Sample-iOS, appium:databaseEnabled: false, appium:deviceName: iphone 13, appium:deviceOrientation: PORTRAIT, appium:javascriptEnabled: true, appium:keychainPassword: [REDACTED VALUE], appium:keychainPath: [REDACTED VALUE], appium:locationContextEnabled: false, appium:name: browser stack ios demo, appium:networkConnectionEnabled: false, appium:newCommandTimeout: 0, appium:noReset: true, appium:orientation: PORTRAIT, appium:os_version: 16, appium:realMobile: true, appium:safariIgnoreFraudWarning: true, appium:safariInitialUrl: http://mobile-internet-chec..., appium:takesScreenshot: true, appium:udid: 00008110-000424D43C22801E, appium:useXctestrunFile: true, appium:waitForQuiescence: false, appium:wdaStartupRetries: 3, appium:webStorageEnabled: false, appium:webkitResponseTimeout: 20000, platformName: iOS}
Element: [[IOSDriver:  on iOS (2967a5daa7a7fe44805fdd2915a73e17581528f4)] -&gt; name: Text Button]
Session ID: 2967a5daa7a7fe44805fdd2915a73e17581528f4" type="org.openqa.selenium.WebDriverException">
      <![CDATA[org.openqa.selenium.WebDriverException: An unknown server-side error occurred while processing the command. Original error: The attribute 'text' is unknown. Valid attribute names are: (
    UID,
    accessibilityContainer,
    accessible,
    enabled,
    focused,
    frame,
    hittable,
    index,
    label,
    name,
    rect,
    selected,
    type,
    value,
    visible,
    wdAccessibilityContainer,
    wdAccessible,
    wdEnabled,
    wdFocused,
    wdFrame,
    wdHittable,
    wdIndex,
    wdLabel,
    wdName,
    wdRect,
    wdSelected,
    wdType,
    wdUID,
    wdValue,
    wdVisible
)
Build info: version: '4.1.2', revision: '9a5a329c5a'
System info: host: 'SATHISH', ip: '192.168.1.182', os.name: 'Windows 11', os.arch: 'amd64', os.version: '10.0', java.version: '23.0.2'
Driver info: io.appium.java_client.ios.IOSDriver
Command: [2967a5daa7a7fe44805fdd2915a73e17581528f4, getElementAttribute {id=15000000-0000-0000-FE3B-000000000000, name=text}]
Capabilities {appium:Build: 1.1, appium:Project: appium mobile automation demo, appium:automationName: XCUITest, appium:bootstrapPath: /usr/local/.browserstack/co..., appium:browserstack.isTargetBased: true, appium:bundleID: com.browserstack.sample-ios, appium:bundleId: com.browserstack.Sample-iOS, appium:databaseEnabled: false, appium:deviceName: iphone 13, appium:deviceOrientation: PORTRAIT, appium:javascriptEnabled: true, appium:keychainPassword: [REDACTED VALUE], appium:keychainPath: [REDACTED VALUE], appium:locationContextEnabled: false, appium:name: browser stack ios demo, appium:networkConnectionEnabled: false, appium:newCommandTimeout: 0, appium:noReset: true, appium:orientation: PORTRAIT, appium:os_version: 16, appium:realMobile: true, appium:safariIgnoreFraudWarning: true, appium:safariInitialUrl: http://mobile-internet-chec..., appium:takesScreenshot: true, appium:udid: 00008110-000424D43C22801E, appium:useXctestrunFile: true, appium:waitForQuiescence: false, appium:wdaStartupRetries: 3, appium:webStorageEnabled: false, appium:webkitResponseTimeout: 20000, platformName: iOS}
Element: [[IOSDriver:  on iOS (2967a5daa7a7fe44805fdd2915a73e17581528f4)] -> name: Text Button]
Session ID: 2967a5daa7a7fe44805fdd2915a73e17581528f4
at java.base/jdk.internal.reflect.DirectConstructorHandleAccessor.newInstance(DirectConstructorHandleAccessor.java:62)
at java.base/java.lang.reflect.Constructor.newInstanceWithCaller(Constructor.java:501)
at java.base/java.lang.reflect.Constructor.newInstance(Constructor.java:485)
at org.openqa.selenium.remote.codec.w3c.W3CHttpResponseCodec.createException(W3CHttpResponseCodec.java:200)
at org.openqa.selenium.remote.codec.w3c.W3CHttpResponseCodec.decode(W3CHttpResponseCodec.java:133)
at org.openqa.selenium.remote.codec.w3c.W3CHttpResponseCodec.decode(W3CHttpResponseCodec.java:53)
at org.openqa.selenium.remote.HttpCommandExecutor.execute(HttpCommandExecutor.java:184)
at io.appium.java_client.remote.AppiumCommandExecutor.execute(AppiumCommandExecutor.java:180)
at org.openqa.selenium.remote.RemoteWebDriver.execute(RemoteWebDriver.java:558)
at org.openqa.selenium.remote.RemoteWebElement.execute(RemoteWebElement.java:251)
at org.openqa.selenium.remote.RemoteWebElement.getAttribute(RemoteWebElement.java:152)
at TestAppium.NewTest.loginApp(NewTest.java:66)
at java.base/jdk.internal.reflect.DirectMethodHandleAccessor.invoke(DirectMethodHandleAccessor.java:103)
at java.base/java.lang.reflect.Method.invoke(Method.java:580)
at org.testng.internal.invokers.MethodInvocationHelper.invokeMethod(MethodInvocationHelper.java:141)
at org.testng.internal.invokers.TestInvoker.invokeMethod(TestInvoker.java:687)
at org.testng.internal.invokers.TestInvoker.invokeTestMethod(TestInvoker.java:230)
at org.testng.internal.invokers.MethodRunner.runInSequence(MethodRunner.java:63)
at org.testng.internal.invokers.TestInvoker$MethodInvocationAgent.invoke(TestInvoker.java:995)
at org.testng.internal.invokers.TestInvoker.invokeTestMethods(TestInvoker.java:203)
at org.testng.internal.invokers.TestMethodWorker.invokeTestMethods(TestMethodWorker.java:154)
at org.testng.internal.invokers.TestMethodWorker.run(TestMethodWorker.java:134)
at java.base/java.util.ArrayList.forEach(ArrayList.java:1597)
at org.testng.TestRunner.privateRun(TestRunner.java:741)
at org.testng.TestRunner.run(TestRunner.java:616)
at org.testng.SuiteRunner.runTest(SuiteRunner.java:421)
at org.testng.SuiteRunner.runSequentially(SuiteRunner.java:413)
at org.testng.SuiteRunner.privateRun(SuiteRunner.java:373)
at org.testng.SuiteRunner.run(SuiteRunner.java:312)
at org.testng.SuiteRunnerWorker.runSuite(SuiteRunnerWorker.java:52)
at org.testng.SuiteRunnerWorker.run(SuiteRunnerWorker.java:95)
at org.testng.TestNG.runSuitesSequentially(TestNG.java:1274)
at org.testng.TestNG.runSuitesLocally(TestNG.java:1208)
at org.testng.TestNG.runSuites(TestNG.java:1112)
at org.testng.TestNG.run(TestNG.java:1079)
at org.testng.remote.AbstractRemoteTestNG.run(AbstractRemoteTestNG.java:115)
at org.testng.remote.RemoteTestNG.initAndRun(RemoteTestNG.java:293)
at org.testng.remote.RemoteTestNG.main(RemoteTestNG.java:91)
]]>
    </error>
  </testcase> <!-- loginApp -->
</testsuite> <!-- TestAppium.NewTest -->
